<?xml version="1.0" encoding="UTF-8"?>
<!-- Generated by org.testng.reporters.JUnitReportReporter -->
<testsuite hostname="LAPTOP-T5HPURNE" failures="0" tests="1" name="testCase.LoginTest" time="0.956" errors="0" timestamp="2021-09-09T16:24:22 IST" skipped="0">
  <testcase classname="testCase.LoginTest" name="login" time="0.956"/>
  <system-out/>
</testsuite> <!-- testCase.LoginTest -->
